# JRE version: OpenJDK Runtime Environment (8.0_242-b01) (build 1.8.0_242-release-1644-b01)
# Java VM: OpenJDK 64-Bit Server VM (25.242-b01 mixed mode windows-amd64 compressed oops)
Heap:
 PSYoungGen      total 502784K, used 324384K [0x00000000d5580000, 0x00000000fe280000, 0x0000000100000000)
  eden space 376320K, 82% used [0x00000000d5580000,0x00000000e84ab228,0x00000000ec500000)
  from space 126464K, 11% used [0x00000000ec500000,0x00000000ed29cef8,0x00000000f4080000)
  to   space 123392K, 0% used [0x00000000f6a00000,0x00000000f6a00000,0x00000000fe280000)
 ParOldGen       total 288256K, used 149874K [0x0000000080000000, 0x0000000091980000, 0x00000000d5580000)
  object space 288256K, 51% used [0x0000000080000000,0x000000008925cbb0,0x0000000091980000)
 Metaspace       used 124651K, capacity 134432K, committed 139160K, reserved 1169408K
  class space    used 15857K, capacity 17552K, committed 18352K, reserved 1048576K
GC Heap History (10 events):
Event: 4054.650 GC heap before
{Heap before GC invocations=47 (full 5):
 PSYoungGen      total 491520K, used 491498K [0x00000000d5580000, 0x00000000f8780000, 0x0000000100000000)
  eden space 407552K, 100% used [0x00000000d5580000,0x00000000ee380000,0x00000000ee380000)
  from space 83968K, 99% used [0x00000000ee380000,0x00000000f357a8b8,0x00000000f3580000)
  to   space 72704K, 0% used [0x00000000f4080000,0x00000000f4080000,0x00000000f8780000)
 ParOldGen       total 314368K, used 245624K [0x0000000080000000, 0x0000000093300000, 0x00000000d5580000)
  object space 314368K, 78% used [0x0000000080000000,0x000000008efde180,0x0000000093300000)
 Metaspace       used 127907K, capacity 138734K, committed 138904K, reserved 1169408K
  class space    used 16181K, capacity 18235K, committed 18352K, reserved 1048576K
Event: 4055.362 GC heap after
Heap after GC invocations=47 (full 5):
 PSYoungGen      total 480256K, used 72684K [0x00000000d5580000, 0x00000000f8780000, 0x0000000100000000)
  eden space 407552K, 0% used [0x00000000d5580000,0x00000000d5580000,0x00000000ee380000)
  from space 72704K, 99% used [0x00000000f4080000,0x00000000f877b2d8,0x00000000f8780000)
  to   space 83968K, 0% used [0x00000000ee380000,0x00000000ee380000,0x00000000f3580000)
 ParOldGen       total 314368K, used 273787K [0x0000000080000000, 0x0000000093300000, 0x00000000d5580000)
  object space 314368K, 87% used [0x0000000080000000,0x0000000090b5ecf0,0x0000000093300000)
 Metaspace       used 127907K, capacity 138734K, committed 138904K, reserved 1169408K
  class space    used 16181K, capacity 18235K, committed 18352K, reserved 1048576K
}
Event: 4059.014 GC heap before
{Heap before GC invocations=48 (full 5):
 PSYoungGen      total 480256K, used 480236K [0x00000000d5580000, 0x00000000f8780000, 0x0000000100000000)
  eden space 407552K, 100% used [0x00000000d5580000,0x00000000ee380000,0x00000000ee380000)
  from space 72704K, 99% used [0x00000000f4080000,0x00000000f877b2d8,0x00000000f8780000)
  to   space 83968K, 0% used [0x00000000ee380000,0x00000000ee380000,0x00000000f3580000)
 ParOldGen       total 314368K, used 273787K [0x0000000080000000, 0x0000000093300000, 0x00000000d5580000)
  object space 314368K, 87% used [0x0000000080000000,0x0000000090b5ecf0,0x0000000093300000)
 Metaspace       used 128002K, capacity 138812K, committed 139160K, reserved 1169408K
  class space    used 16184K, capacity 18236K, committed 18352K, reserved 1048576K
Event: 4059.228 GC heap after
Heap after GC invocations=48 (full 5):
 PSYoungGen      total 491520K, used 83961K [0x00000000d5580000, 0x00000000f8780000, 0x0000000100000000)
  eden space 407552K, 0% used [0x00000000d5580000,0x00000000d5580000,0x00000000ee380000)
  from space 83968K, 99% used [0x00000000ee380000,0x00000000f357e440,0x00000000f3580000)
  to   space 72704K, 0% used [0x00000000f4080000,0x00000000f4080000,0x00000000f8780000)
 ParOldGen       total 314368K, used 277042K [0x0000000080000000, 0x0000000093300000, 0x00000000d5580000)
  object space 314368K, 88% used [0x0000000080000000,0x0000000090e8cb68,0x0000000093300000)
 Metaspace       used 128002K, capacity 138812K, committed 139160K, reserved 1169408K
  class space    used 16184K, capacity 18236K, committed 18352K, reserved 1048576K
}
Event: 4059.228 GC heap before
{Heap before GC invocations=49 (full 6):
 PSYoungGen      total 491520K, used 83961K [0x00000000d5580000, 0x00000000f8780000, 0x0000000100000000)
  eden space 407552K, 0% used [0x00000000d5580000,0x00000000d5580000,0x00000000ee380000)
  from space 83968K, 99% used [0x00000000ee380000,0x00000000f357e440,0x00000000f3580000)
  to   space 72704K, 0% used [0x00000000f4080000,0x00000000f4080000,0x00000000f8780000)
 ParOldGen       total 314368K, used 277042K [0x0000000080000000, 0x0000000093300000, 0x00000000d5580000)
  object space 314368K, 88% used [0x0000000080000000,0x0000000090e8cb68,0x0000000093300000)
 Metaspace       used 128002K, capacity 138812K, committed 139160K, reserved 1169408K
  class space    used 16184K, capacity 18236K, committed 18352K, reserved 1048576K
Event: 4068.986 GC heap after
Heap after GC invocations=49 (full 6):
 PSYoungGen      total 491520K, used 0K [0x00000000d5580000, 0x00000000f8780000, 0x0000000100000000)
  eden space 407552K, 0% used [0x00000000d5580000,0x00000000d5580000,0x00000000ee380000)
  from space 83968K, 0% used [0x00000000ee380000,0x00000000ee380000,0x00000000f3580000)
  to   space 72704K, 0% used [0x00000000f4080000,0x00000000f4080000,0x00000000f8780000)
 ParOldGen       total 288256K, used 149866K [0x0000000080000000, 0x0000000091980000, 0x00000000d5580000)
  object space 288256K, 51% used [0x0000000080000000,0x000000008925abb0,0x0000000091980000)
 Metaspace       used 124544K, capacity 134330K, committed 139160K, reserved 1169408K
  class space    used 15848K, capacity 17549K, committed 18352K, reserved 1048576K
}
Event: 4074.231 GC heap before
{Heap before GC invocations=50 (full 6):
 PSYoungGen      total 491520K, used 407552K [0x00000000d5580000, 0x00000000f8780000, 0x0000000100000000)
  eden space 407552K, 100% used [0x00000000d5580000,0x00000000ee380000,0x00000000ee380000)
  from space 83968K, 0% used [0x00000000ee380000,0x00000000ee380000,0x00000000f3580000)
  to   space 72704K, 0% used [0x00000000f4080000,0x00000000f4080000,0x00000000f8780000)
 ParOldGen       total 288256K, used 149866K [0x0000000080000000, 0x0000000091980000, 0x00000000d5580000)
  object space 288256K, 51% used [0x0000000080000000,0x000000008925abb0,0x0000000091980000)
 Metaspace       used 124591K, capacity 134340K, committed 139160K, reserved 1169408K
  class space    used 15849K, capacity 17550K, committed 18352K, reserved 1048576K
Event: 4074.305 GC heap after
Heap after GC invocations=50 (full 6):
 PSYoungGen      total 449024K, used 7921K [0x00000000d5580000, 0x0000000100000000, 0x0000000100000000)
  eden space 376320K, 0% used [0x00000000d5580000,0x00000000d5580000,0x00000000ec500000)
  from space 72704K, 10% used [0x00000000f4080000,0x00000000f483c548,0x00000000f8780000)
  to   space 126464K, 0% used [0x00000000ec500000,0x00000000ec500000,0x00000000f4080000)
 ParOldGen       total 288256K, used 149874K [0x0000000080000000, 0x0000000091980000, 0x00000000d5580000)
  object space 288256K, 51% used [0x0000000080000000,0x000000008925cbb0,0x0000000091980000)
 Metaspace       used 124591K, capacity 134340K, committed 139160K, reserved 1169408K
  class space    used 15849K, capacity 17550K, committed 18352K, reserved 1048576K
}
Event: 4076.631 GC heap before
{Heap before GC invocations=51 (full 6):
 PSYoungGen      total 449024K, used 384241K [0x00000000d5580000, 0x0000000100000000, 0x0000000100000000)
  eden space 376320K, 100% used [0x00000000d5580000,0x00000000ec500000,0x00000000ec500000)
  from space 72704K, 10% used [0x00000000f4080000,0x00000000f483c548,0x00000000f8780000)
  to   space 126464K, 0% used [0x00000000ec500000,0x00000000ec500000,0x00000000f4080000)
 ParOldGen       total 288256K, used 149874K [0x0000000080000000, 0x0000000091980000, 0x00000000d5580000)
  object space 288256K, 51% used [0x0000000080000000,0x000000008925cbb0,0x0000000091980000)
 Metaspace       used 124630K, capacity 134428K, committed 139160K, reserved 1169408K
  class space    used 15857K, capacity 17552K, committed 18352K, reserved 1048576K
Event: 4076.707 GC heap after
Heap after GC invocations=51 (full 6):
 PSYoungGen      total 502784K, used 13939K [0x00000000d5580000, 0x00000000fe280000, 0x0000000100000000)
  eden space 376320K, 0% used [0x00000000d5580000,0x00000000d5580000,0x00000000ec500000)
  from space 126464K, 11% used [0x00000000ec500000,0x00000000ed29cef8,0x00000000f4080000)
  to   space 123392K, 0% used [0x00000000f6a00000,0x00000000f6a00000,0x00000000fe280000)
 ParOldGen       total 288256K, used 149874K [0x0000000080000000, 0x0000000091980000, 0x00000000d5580000)
  object space 288256K, 51% used [0x0000000080000000,0x000000008925cbb0,0x0000000091980000)
 Metaspace       used 124630K, capacity 134428K, committed 139160K, reserved 1169408K
  class space    used 15857K, capacity 17552K, committed 18352K, reserved 1048576K
}

